# JRE version: OpenJDK Runtime Environment Temurin-17.0.8.1+1 (17.0.8.1+1) (build 17.0.8.1+1)
# Java VM: OpenJDK 64-Bit Server VM Temurin-17.0.8.1+1 (17.0.8.1+1, mixed mode, tiered, compressed oops, compressed class ptrs, parallel gc, windows-amd64)
GC Precious Log:
 CPUs: 4 total, 4 available
 Memory: 8094M
 Large Page Support: Disabled
 NUMA Support: Disabled
 Compressed Oops: Enabled (32-bit)
 Alignments: Space 512K, Generation 512K, Heap 2M
 Heap Min Capacity: 100M
 Heap Initial Capacity: 100M
 Heap Max Capacity: 1G
 Pre-touch: Disabled
 Parallel Workers: 4
Heap:
 PSYoungGen      total 14336K, used 12736K [0x00000000eab00000, 0x00000000ebc00000, 0x0000000100000000)
  eden space 13824K, 90% used [0x00000000eab00000,0x00000000eb740198,0x00000000eb880000)
  from space 512K, 37% used [0x00000000ebb80000,0x00000000ebbb0000,0x00000000ebc00000)
  to   space 512K, 0% used [0x00000000ebb00000,0x00000000ebb00000,0x00000000ebb80000)
 ParOldGen       total 68608K, used 61991K [0x00000000c0000000, 0x00000000c4300000, 0x00000000eab00000)
  object space 68608K, 90% used [0x00000000c0000000,0x00000000c3c89c08,0x00000000c4300000)
 Metaspace       used 68618K, committed 69824K, reserved 1114112K
  class space    used 7160K, committed 7680K, reserved 1048576K
GC Heap History (20 events):
Event: 18.628 GC heap before
{Heap before GC invocations=42 (full 3):
 PSYoungGen      total 14848K, used 14528K [0x00000000eab00000, 0x00000000ebc00000, 0x0000000100000000)
  eden space 13824K, 100% used [0x00000000eab00000,0x00000000eb880000,0x00000000eb880000)
  from space 1024K, 68% used [0x00000000ebb00000,0x00000000ebbb0000,0x00000000ebc00000)
  to   space 1024K, 0% used [0x00000000eba00000,0x00000000eba00000,0x00000000ebb00000)
 ParOldGen       total 68608K, used 49022K [0x00000000c0000000, 0x00000000c4300000, 0x00000000eab00000)
  object space 68608K, 71% used [0x00000000c0000000,0x00000000c2fdfbf0,0x00000000c4300000)
 Metaspace       used 63760K, committed 64832K, reserved 1114112K
  class space    used 6763K, committed 7296K, reserved 1048576K
}
Event: 18.631 GC heap after
{Heap after GC invocations=42 (full 3):
 PSYoungGen      total 14848K, used 1024K [0x00000000eab00000, 0x00000000ebc80000, 0x0000000100000000)
  eden space 13824K, 0% used [0x00000000eab00000,0x00000000eab00000,0x00000000eb880000)
  from space 1024K, 100% used [0x00000000eba00000,0x00000000ebb00000,0x00000000ebb00000)
  to   space 1536K, 0% used [0x00000000ebb00000,0x00000000ebb00000,0x00000000ebc80000)
 ParOldGen       total 68608K, used 49702K [0x00000000c0000000, 0x00000000c4300000, 0x00000000eab00000)
  object space 68608K, 72% used [0x00000000c0000000,0x00000000c3089bf0,0x00000000c4300000)
 Metaspace       used 63760K, committed 64832K, reserved 1114112K
  class space    used 6763K, committed 7296K, reserved 1048576K
}
Event: 18.732 GC heap before
{Heap before GC invocations=43 (full 3):
 PSYoungGen      total 14848K, used 14843K [0x00000000eab00000, 0x00000000ebc80000, 0x0000000100000000)
  eden space 13824K, 99% used [0x00000000eab00000,0x00000000eb87ef70,0x00000000eb880000)
  from space 1024K, 100% used [0x00000000eba00000,0x00000000ebb00000,0x00000000ebb00000)
  to   space 1536K, 0% used [0x00000000ebb00000,0x00000000ebb00000,0x00000000ebc80000)
 ParOldGen       total 68608K, used 49702K [0x00000000c0000000, 0x00000000c4300000, 0x00000000eab00000)
  object space 68608K, 72% used [0x00000000c0000000,0x00000000c3089bf0,0x00000000c4300000)
 Metaspace       used 63936K, committed 65088K, reserved 1114112K
  class space    used 6778K, committed 7296K, reserved 1048576K
}
Event: 18.736 GC heap after
{Heap after GC invocations=43 (full 3):
 PSYoungGen      total 15360K, used 1375K [0x00000000eab00000, 0x00000000ebc80000, 0x0000000100000000)
  eden space 13824K, 0% used [0x00000000eab00000,0x00000000eab00000,0x00000000eb880000)
  from space 1536K, 89% used [0x00000000ebb00000,0x00000000ebc57e00,0x00000000ebc80000)
  to   space 1536K, 0% used [0x00000000eb980000,0x00000000eb980000,0x00000000ebb00000)
 ParOldGen       total 68608K, used 50074K [0x00000000c0000000, 0x00000000c4300000, 0x00000000eab00000)
  object space 68608K, 72% used [0x00000000c0000000,0x00000000c30e6ab0,0x00000000c4300000)
 Metaspace       used 63936K, committed 65088K, reserved 1114112K
  class space    used 6778K, committed 7296K, reserved 1048576K
}
Event: 18.942 GC heap before
{Heap before GC invocations=44 (full 3):
 PSYoungGen      total 15360K, used 15199K [0x00000000eab00000, 0x00000000ebc80000, 0x0000000100000000)
  eden space 13824K, 100% used [0x00000000eab00000,0x00000000eb880000,0x00000000eb880000)
  from space 1536K, 89% used [0x00000000ebb00000,0x00000000ebc57e00,0x00000000ebc80000)
  to   space 1536K, 0% used [0x00000000eb980000,0x00000000eb980000,0x00000000ebb00000)
 ParOldGen       total 68608K, used 50074K [0x00000000c0000000, 0x00000000c4300000, 0x00000000eab00000)
  object space 68608K, 72% used [0x00000000c0000000,0x00000000c30e6ab0,0x00000000c4300000)
 Metaspace       used 64201K, committed 65280K, reserved 1114112K
  class space    used 6803K, committed 7296K, reserved 1048576K
}
Event: 18.946 GC heap after
{Heap after GC invocations=44 (full 3):
 PSYoungGen      total 15360K, used 1519K [0x00000000eab00000, 0x00000000ebe80000, 0x0000000100000000)
  eden space 13824K, 0% used [0x00000000eab00000,0x00000000eab00000,0x00000000eb880000)
  from space 1536K, 98% used [0x00000000eb980000,0x00000000ebafbc10,0x00000000ebb00000)
  to   space 3072K, 0% used [0x00000000ebb80000,0x00000000ebb80000,0x00000000ebe80000)
 ParOldGen       total 68608K, used 51170K [0x00000000c0000000, 0x00000000c4300000, 0x00000000eab00000)
  object space 68608K, 74% used [0x00000000c0000000,0x00000000c31f88b0,0x00000000c4300000)
 Metaspace       used 64201K, committed 65280K, reserved 1114112K
  class space    used 6803K, committed 7296K, reserved 1048576K
}
Event: 19.448 GC heap before
{Heap before GC invocations=45 (full 3):
 PSYoungGen      total 15360K, used 15343K [0x00000000eab00000, 0x00000000ebe80000, 0x0000000100000000)
  eden space 13824K, 100% used [0x00000000eab00000,0x00000000eb880000,0x00000000eb880000)
  from space 1536K, 98% used [0x00000000eb980000,0x00000000ebafbc10,0x00000000ebb00000)
  to   space 3072K, 0% used [0x00000000ebb80000,0x00000000ebb80000,0x00000000ebe80000)
 ParOldGen       total 68608K, used 51170K [0x00000000c0000000, 0x00000000c4300000, 0x00000000eab00000)
  object space 68608K, 74% used [0x00000000c0000000,0x00000000c31f88b0,0x00000000c4300000)
 Metaspace       used 65706K, committed 66880K, reserved 1114112K
  class space    used 6960K, committed 7488K, reserved 1048576K
}
Event: 19.453 GC heap after
{Heap after GC invocations=45 (full 3):
 PSYoungGen      total 15360K, used 1200K [0x00000000eab00000, 0x00000000ebd00000, 0x0000000100000000)
  eden space 13824K, 0% used [0x00000000eab00000,0x00000000eab00000,0x00000000eb880000)
  from space 1536K, 78% used [0x00000000ebb80000,0x00000000ebcac010,0x00000000ebd00000)
  to   space 2048K, 0% used [0x00000000eb900000,0x00000000eb900000,0x00000000ebb00000)
 ParOldGen       total 68608K, used 52657K [0x00000000c0000000, 0x00000000c4300000, 0x00000000eab00000)
  object space 68608K, 76% used [0x00000000c0000000,0x00000000c336c510,0x00000000c4300000)
 Metaspace       used 65706K, committed 66880K, reserved 1114112K
  class space    used 6960K, committed 7488K, reserved 1048576K
}
Event: 20.432 GC heap before
{Heap before GC invocations=46 (full 3):
 PSYoungGen      total 15360K, used 15024K [0x00000000eab00000, 0x00000000ebd00000, 0x0000000100000000)
  eden space 13824K, 100% used [0x00000000eab00000,0x00000000eb880000,0x00000000eb880000)
  from space 1536K, 78% used [0x00000000ebb80000,0x00000000ebcac010,0x00000000ebd00000)
  to   space 2048K, 0% used [0x00000000eb900000,0x00000000eb900000,0x00000000ebb00000)
 ParOldGen       total 68608K, used 52657K [0x00000000c0000000, 0x00000000c4300000, 0x00000000eab00000)
  object space 68608K, 76% used [0x00000000c0000000,0x00000000c336c510,0x00000000c4300000)
 Metaspace       used 66047K, committed 67200K, reserved 1114112K
  class space    used 6997K, committed 7552K, reserved 1048576K
}
Event: 20.438 GC heap after
{Heap after GC invocations=46 (full 3):
 PSYoungGen      total 15872K, used 2040K [0x00000000eab00000, 0x00000000ec280000, 0x0000000100000000)
  eden space 13824K, 0% used [0x00000000eab00000,0x00000000eab00000,0x00000000eb880000)
  from space 2048K, 99% used [0x00000000eb900000,0x00000000ebafe2d0,0x00000000ebb00000)
  to   space 5120K, 0% used [0x00000000ebd80000,0x00000000ebd80000,0x00000000ec280000)
 ParOldGen       total 68608K, used 55082K [0x00000000c0000000, 0x00000000c4300000, 0x00000000eab00000)
  object space 68608K, 80% used [0x00000000c0000000,0x00000000c35ca8e8,0x00000000c4300000)
 Metaspace       used 66047K, committed 67200K, reserved 1114112K
  class space    used 6997K, committed 7552K, reserved 1048576K
}
Event: 21.129 GC heap before
{Heap before GC invocations=47 (full 3):
 PSYoungGen      total 15872K, used 15864K [0x00000000eab00000, 0x00000000ec280000, 0x0000000100000000)
  eden space 13824K, 99% used [0x00000000eab00000,0x00000000eb87ffd8,0x00000000eb880000)
  from space 2048K, 99% used [0x00000000eb900000,0x00000000ebafe2d0,0x00000000ebb00000)
  to   space 5120K, 0% used [0x00000000ebd80000,0x00000000ebd80000,0x00000000ec280000)
 ParOldGen       total 68608K, used 55082K [0x00000000c0000000, 0x00000000c4300000, 0x00000000eab00000)
  object space 68608K, 80% used [0x00000000c0000000,0x00000000c35ca8e8,0x00000000c4300000)
 Metaspace       used 66184K, committed 67456K, reserved 1114112K
  class space    used 6999K, committed 7552K, reserved 1048576K
}
Event: 21.138 GC heap after
{Heap after GC invocations=47 (full 3):
 PSYoungGen      total 15872K, used 2000K [0x00000000eab00000, 0x00000000ebf80000, 0x0000000100000000)
  eden space 13824K, 0% used [0x00000000eab00000,0x00000000eab00000,0x00000000eb880000)
  from space 2048K, 97% used [0x00000000ebd80000,0x00000000ebf74020,0x00000000ebf80000)
  to   space 3072K, 0% used [0x00000000eb980000,0x00000000eb980000,0x00000000ebc80000)
 ParOldGen       total 68608K, used 57135K [0x00000000c0000000, 0x00000000c4300000, 0x00000000eab00000)
  object space 68608K, 83% used [0x00000000c0000000,0x00000000c37cbcb8,0x00000000c4300000)
 Metaspace       used 66184K, committed 67456K, reserved 1114112K
  class space    used 6999K, committed 7552K, reserved 1048576K
}
Event: 21.576 GC heap before
{Heap before GC invocations=48 (full 3):
 PSYoungGen      total 15872K, used 15824K [0x00000000eab00000, 0x00000000ebf80000, 0x0000000100000000)
  eden space 13824K, 100% used [0x00000000eab00000,0x00000000eb880000,0x00000000eb880000)
  from space 2048K, 97% used [0x00000000ebd80000,0x00000000ebf74020,0x00000000ebf80000)
  to   space 3072K, 0% used [0x00000000eb980000,0x00000000eb980000,0x00000000ebc80000)
 ParOldGen       total 68608K, used 57135K [0x00000000c0000000, 0x00000000c4300000, 0x00000000eab00000)
  object space 68608K, 83% used [0x00000000c0000000,0x00000000c37cbcb8,0x00000000c4300000)
 Metaspace       used 66326K, committed 67520K, reserved 1114112K
  class space    used 7003K, committed 7552K, reserved 1048576K
}
Event: 21.582 GC heap after
{Heap after GC invocations=48 (full 3):
 PSYoungGen      total 15872K, used 1616K [0x00000000eab00000, 0x00000000ebe00000, 0x0000000100000000)
  eden space 13824K, 0% used [0x00000000eab00000,0x00000000eab00000,0x00000000eb880000)
  from space 2048K, 78% used [0x00000000eb980000,0x00000000ebb14030,0x00000000ebb80000)
  to   space 2048K, 0% used [0x00000000ebc00000,0x00000000ebc00000,0x00000000ebe00000)
 ParOldGen       total 68608K, used 58982K [0x00000000c0000000, 0x00000000c4300000, 0x00000000eab00000)
  object space 68608K, 85% used [0x00000000c0000000,0x00000000c3999a98,0x00000000c4300000)
 Metaspace       used 66326K, committed 67520K, reserved 1114112K
  class space    used 7003K, committed 7552K, reserved 1048576K
}
Event: 22.172 GC heap before
{Heap before GC invocations=49 (full 3):
 PSYoungGen      total 15872K, used 15440K [0x00000000eab00000, 0x00000000ebe00000, 0x0000000100000000)
  eden space 13824K, 100% used [0x00000000eab00000,0x00000000eb880000,0x00000000eb880000)
  from space 2048K, 78% used [0x00000000eb980000,0x00000000ebb14030,0x00000000ebb80000)
  to   space 2048K, 0% used [0x00000000ebc00000,0x00000000ebc00000,0x00000000ebe00000)
 ParOldGen       total 68608K, used 58982K [0x00000000c0000000, 0x00000000c4300000, 0x00000000eab00000)
  object space 68608K, 85% used [0x00000000c0000000,0x00000000c3999a98,0x00000000c4300000)
 Metaspace       used 66925K, committed 68096K, reserved 1114112K
  class space    used 7043K, committed 7552K, reserved 1048576K
}
Event: 22.177 GC heap after
{Heap after GC invocations=49 (full 3):
 PSYoungGen      total 14848K, used 947K [0x00000000eab00000, 0x00000000ebd00000, 0x0000000100000000)
  eden space 13824K, 0% used [0x00000000eab00000,0x00000000eab00000,0x00000000eb880000)
  from space 1024K, 92% used [0x00000000ebc00000,0x00000000ebcecf20,0x00000000ebd00000)
  to   space 1536K, 0% used [0x00000000eba00000,0x00000000eba00000,0x00000000ebb80000)
 ParOldGen       total 68608K, used 60489K [0x00000000c0000000, 0x00000000c4300000, 0x00000000eab00000)
  object space 68608K, 88% used [0x00000000c0000000,0x00000000c3b12758,0x00000000c4300000)
 Metaspace       used 66925K, committed 68096K, reserved 1114112K
  class space    used 7043K, committed 7552K, reserved 1048576K
}
Event: 22.845 GC heap before
{Heap before GC invocations=50 (full 3):
 PSYoungGen      total 14848K, used 14771K [0x00000000eab00000, 0x00000000ebd00000, 0x0000000100000000)
  eden space 13824K, 100% used [0x00000000eab00000,0x00000000eb880000,0x00000000eb880000)
  from space 1024K, 92% used [0x00000000ebc00000,0x00000000ebcecf20,0x00000000ebd00000)
  to   space 1536K, 0% used [0x00000000eba00000,0x00000000eba00000,0x00000000ebb80000)
 ParOldGen       total 68608K, used 60489K [0x00000000c0000000, 0x00000000c4300000, 0x00000000eab00000)
  object space 68608K, 88% used [0x00000000c0000000,0x00000000c3b12758,0x00000000c4300000)
 Metaspace       used 67978K, committed 69184K, reserved 1114112K
  class space    used 7121K, committed 7680K, reserved 1048576K
}
Event: 22.848 GC heap after
{Heap after GC invocations=50 (full 3):
 PSYoungGen      total 15360K, used 800K [0x00000000eab00000, 0x00000000ebc80000, 0x0000000100000000)
  eden space 13824K, 0% used [0x00000000eab00000,0x00000000eab00000,0x00000000eb880000)
  from space 1536K, 52% used [0x00000000eba00000,0x00000000ebac8000,0x00000000ebb80000)
  to   space 1024K, 0% used [0x00000000ebb80000,0x00000000ebb80000,0x00000000ebc80000)
 ParOldGen       total 68608K, used 61271K [0x00000000c0000000, 0x00000000c4300000, 0x00000000eab00000)
  object space 68608K, 89% used [0x00000000c0000000,0x00000000c3bd5c08,0x00000000c4300000)
 Metaspace       used 67978K, committed 69184K, reserved 1114112K
  class space    used 7121K, committed 7680K, reserved 1048576K
}
Event: 23.267 GC heap before
{Heap before GC invocations=51 (full 3):
 PSYoungGen      total 15360K, used 14624K [0x00000000eab00000, 0x00000000ebc80000, 0x0000000100000000)
  eden space 13824K, 100% used [0x00000000eab00000,0x00000000eb880000,0x00000000eb880000)
  from space 1536K, 52% used [0x00000000eba00000,0x00000000ebac8000,0x00000000ebb80000)
  to   space 1024K, 0% used [0x00000000ebb80000,0x00000000ebb80000,0x00000000ebc80000)
 ParOldGen       total 68608K, used 61271K [0x00000000c0000000, 0x00000000c4300000, 0x00000000eab00000)
  object space 68608K, 89% used [0x00000000c0000000,0x00000000c3bd5c08,0x00000000c4300000)
 Metaspace       used 68418K, committed 69568K, reserved 1114112K
  class space    used 7160K, committed 7680K, reserved 1048576K
}
Event: 23.270 GC heap after
{Heap after GC invocations=51 (full 3):
 PSYoungGen      total 14336K, used 192K [0x00000000eab00000, 0x00000000ebc00000, 0x0000000100000000)
  eden space 13824K, 0% used [0x00000000eab00000,0x00000000eab00000,0x00000000eb880000)
  from space 512K, 37% used [0x00000000ebb80000,0x00000000ebbb0000,0x00000000ebc00000)
  to   space 512K, 0% used [0x00000000ebb00000,0x00000000ebb00000,0x00000000ebb80000)
 ParOldGen       total 68608K, used 61991K [0x00000000c0000000, 0x00000000c4300000, 0x00000000eab00000)
  object space 68608K, 90% used [0x00000000c0000000,0x00000000c3c89c08,0x00000000c4300000)
 Metaspace       used 68418K, committed 69568K, reserved 1114112K
  class space    used 7160K, committed 7680K, reserved 1048576K
}

