# JRE version: OpenJDK Runtime Environment Temurin-17.0.8.1+1 (17.0.8.1+1) (build 17.0.8.1+1)
# Java VM: OpenJDK 64-Bit Server VM Temurin-17.0.8.1+1 (17.0.8.1+1, mixed mode, tiered, compressed oops, compressed class ptrs, parallel gc, windows-amd64)
GC Precious Log:
 CPUs: 4 total, 4 available
 Memory: 8094M
 Large Page Support: Disabled
 NUMA Support: Disabled
 Compressed Oops: Enabled (32-bit)
 Alignments: Space 512K, Generation 512K, Heap 2M
 Heap Min Capacity: 100M
 Heap Initial Capacity: 100M
 Heap Max Capacity: 1G
 Pre-touch: Disabled
 Parallel Workers: 4
Heap:
 PSYoungGen      total 3072K, used 2864K [0x00000000eab00000, 0x00000000eaf00000, 0x0000000100000000)
  eden space 2048K, 100% used [0x00000000eab00000,0x00000000ead00000,0x00000000ead00000)
  from space 1024K, 79% used [0x00000000eae00000,0x00000000eaecc010,0x00000000eaf00000)
  to   space 1024K, 60% used [0x00000000ead00000,0x00000000ead9c010,0x00000000eae00000)
 ParOldGen       total 107520K, used 101661K [0x00000000c0000000, 0x00000000c6900000, 0x00000000eab00000)
  object space 107520K, 94% used [0x00000000c0000000,0x00000000c6347658,0x00000000c6900000)
 Metaspace       used 82975K, committed 84416K, reserved 1179648K
  class space    used 8619K, committed 9280K, reserved 1048576K
GC Heap History (20 events):
Event: 537.949 GC heap after
{Heap after GC invocations=1094 (full 27):
 PSYoungGen      total 2048K, used 512K [0x00000000eab00000, 0x00000000eae00000, 0x0000000100000000)
  eden space 1024K, 0% used [0x00000000eab00000,0x00000000eab00000,0x00000000eac00000)
  from space 1024K, 50% used [0x00000000eac00000,0x00000000eac80000,0x00000000ead00000)
  to   space 1024K, 0% used [0x00000000ead00000,0x00000000ead00000,0x00000000eae00000)
 ParOldGen       total 107520K, used 100795K [0x00000000c0000000, 0x00000000c6900000, 0x00000000eab00000)
  object space 107520K, 93% used [0x00000000c0000000,0x00000000c626ecf8,0x00000000c6900000)
 Metaspace       used 82973K, committed 84416K, reserved 1179648K
  class space    used 8619K, committed 9280K, reserved 1048576K
}
Event: 537.955 GC heap before
{Heap before GC invocations=1095 (full 27):
 PSYoungGen      total 2048K, used 1535K [0x00000000eab00000, 0x00000000eae00000, 0x0000000100000000)
  eden space 1024K, 99% used [0x00000000eab00000,0x00000000eabfffe8,0x00000000eac00000)
  from space 1024K, 50% used [0x00000000eac00000,0x00000000eac80000,0x00000000ead00000)
  to   space 1024K, 0% used [0x00000000ead00000,0x00000000ead00000,0x00000000eae00000)
 ParOldGen       total 107520K, used 100795K [0x00000000c0000000, 0x00000000c6900000, 0x00000000eab00000)
  object space 107520K, 93% used [0x00000000c0000000,0x00000000c626ecf8,0x00000000c6900000)
 Metaspace       used 82973K, committed 84416K, reserved 1179648K
  class space    used 8619K, committed 9280K, reserved 1048576K
}
Event: 537.956 GC heap after
{Heap after GC invocations=1095 (full 27):
 PSYoungGen      total 2048K, used 768K [0x00000000eab00000, 0x00000000eae00000, 0x0000000100000000)
  eden space 1024K, 0% used [0x00000000eab00000,0x00000000eab00000,0x00000000eac00000)
  from space 1024K, 75% used [0x00000000ead00000,0x00000000eadc0000,0x00000000eae00000)
  to   space 1024K, 0% used [0x00000000eac00000,0x00000000eac00000,0x00000000ead00000)
 ParOldGen       total 107520K, used 100795K [0x00000000c0000000, 0x00000000c6900000, 0x00000000eab00000)
  object space 107520K, 93% used [0x00000000c0000000,0x00000000c626ecf8,0x00000000c6900000)
 Metaspace       used 82973K, committed 84416K, reserved 1179648K
  class space    used 8619K, committed 9280K, reserved 1048576K
}
Event: 538.196 GC heap before
{Heap before GC invocations=1096 (full 27):
 PSYoungGen      total 2048K, used 1788K [0x00000000eab00000, 0x00000000eae00000, 0x0000000100000000)
  eden space 1024K, 99% used [0x00000000eab00000,0x00000000eabff128,0x00000000eac00000)
  from space 1024K, 75% used [0x00000000ead00000,0x00000000eadc0000,0x00000000eae00000)
  to   space 1024K, 0% used [0x00000000eac00000,0x00000000eac00000,0x00000000ead00000)
 ParOldGen       total 107520K, used 100795K [0x00000000c0000000, 0x00000000c6900000, 0x00000000eab00000)
  object space 107520K, 93% used [0x00000000c0000000,0x00000000c626ecf8,0x00000000c6900000)
 Metaspace       used 82973K, committed 84416K, reserved 1179648K
  class space    used 8619K, committed 9280K, reserved 1048576K
}
Event: 538.197 GC heap after
{Heap after GC invocations=1096 (full 27):
 PSYoungGen      total 2048K, used 944K [0x00000000eab00000, 0x00000000eae00000, 0x0000000100000000)
  eden space 1024K, 0% used [0x00000000eab00000,0x00000000eab00000,0x00000000eac00000)
  from space 1024K, 92% used [0x00000000eac00000,0x00000000eacec010,0x00000000ead00000)
  to   space 1024K, 0% used [0x00000000ead00000,0x00000000ead00000,0x00000000eae00000)
 ParOldGen       total 107520K, used 100795K [0x00000000c0000000, 0x00000000c6900000, 0x00000000eab00000)
  object space 107520K, 93% used [0x00000000c0000000,0x00000000c626ecf8,0x00000000c6900000)
 Metaspace       used 82973K, committed 84416K, reserved 1179648K
  class space    used 8619K, committed 9280K, reserved 1048576K
}
Event: 538.201 GC heap before
{Heap before GC invocations=1097 (full 27):
 PSYoungGen      total 2048K, used 1968K [0x00000000eab00000, 0x00000000eae00000, 0x0000000100000000)
  eden space 1024K, 100% used [0x00000000eab00000,0x00000000eac00000,0x00000000eac00000)
  from space 1024K, 92% used [0x00000000eac00000,0x00000000eacec010,0x00000000ead00000)
  to   space 1024K, 0% used [0x00000000ead00000,0x00000000ead00000,0x00000000eae00000)
 ParOldGen       total 107520K, used 100795K [0x00000000c0000000, 0x00000000c6900000, 0x00000000eab00000)
  object space 107520K, 93% used [0x00000000c0000000,0x00000000c626ecf8,0x00000000c6900000)
 Metaspace       used 82973K, committed 84416K, reserved 1179648K
  class space    used 8619K, committed 9280K, reserved 1048576K
}
Event: 538.204 GC heap after
{Heap after GC invocations=1097 (full 27):
 PSYoungGen      total 1536K, used 1008K [0x00000000eab00000, 0x00000000eaf80000, 0x0000000100000000)
  eden space 512K, 0% used [0x00000000eab00000,0x00000000eab00000,0x00000000eab80000)
  from space 1024K, 98% used [0x00000000ead00000,0x00000000eadfc010,0x00000000eae00000)
  to   space 1536K, 0% used [0x00000000eab80000,0x00000000eab80000,0x00000000ead00000)
 ParOldGen       total 107520K, used 101011K [0x00000000c0000000, 0x00000000c6900000, 0x00000000eab00000)
  object space 107520K, 93% used [0x00000000c0000000,0x00000000c62a4d18,0x00000000c6900000)
 Metaspace       used 82973K, committed 84416K, reserved 1179648K
  class space    used 8619K, committed 9280K, reserved 1048576K
}
Event: 538.207 GC heap before
{Heap before GC invocations=1098 (full 27):
 PSYoungGen      total 1536K, used 1520K [0x00000000eab00000, 0x00000000eaf80000, 0x0000000100000000)
  eden space 512K, 100% used [0x00000000eab00000,0x00000000eab80000,0x00000000eab80000)
  from space 1024K, 98% used [0x00000000ead00000,0x00000000eadfc010,0x00000000eae00000)
  to   space 1536K, 0% used [0x00000000eab80000,0x00000000eab80000,0x00000000ead00000)
 ParOldGen       total 107520K, used 101011K [0x00000000c0000000, 0x00000000c6900000, 0x00000000eab00000)
  object space 107520K, 93% used [0x00000000c0000000,0x00000000c62a4d18,0x00000000c6900000)
 Metaspace       used 82973K, committed 84416K, reserved 1179648K
  class space    used 8619K, committed 9280K, reserved 1048576K
}
Event: 538.208 GC heap after
{Heap after GC invocations=1098 (full 27):
 PSYoungGen      total 2048K, used 1248K [0x00000000eab00000, 0x00000000eaf00000, 0x0000000100000000)
  eden space 512K, 0% used [0x00000000eab00000,0x00000000eab00000,0x00000000eab80000)
  from space 1536K, 81% used [0x00000000eab80000,0x00000000eacb8000,0x00000000ead00000)
  to   space 1536K, 0% used [0x00000000ead80000,0x00000000ead80000,0x00000000eaf00000)
 ParOldGen       total 107520K, used 101019K [0x00000000c0000000, 0x00000000c6900000, 0x00000000eab00000)
  object space 107520K, 93% used [0x00000000c0000000,0x00000000c62a6d18,0x00000000c6900000)
 Metaspace       used 82973K, committed 84416K, reserved 1179648K
  class space    used 8619K, committed 9280K, reserved 1048576K
}
Event: 538.211 GC heap before
{Heap before GC invocations=1099 (full 27):
 PSYoungGen      total 2048K, used 1759K [0x00000000eab00000, 0x00000000eaf00000, 0x0000000100000000)
  eden space 512K, 99% used [0x00000000eab00000,0x00000000eab7fff0,0x00000000eab80000)
  from space 1536K, 81% used [0x00000000eab80000,0x00000000eacb8000,0x00000000ead00000)
  to   space 1536K, 0% used [0x00000000ead80000,0x00000000ead80000,0x00000000eaf00000)
 ParOldGen       total 107520K, used 101019K [0x00000000c0000000, 0x00000000c6900000, 0x00000000eab00000)
  object space 107520K, 93% used [0x00000000c0000000,0x00000000c62a6d18,0x00000000c6900000)
 Metaspace       used 82973K, committed 84416K, reserved 1179648K
  class space    used 8619K, committed 9280K, reserved 1048576K
}
Event: 538.213 GC heap after
{Heap after GC invocations=1099 (full 27):
 PSYoungGen      total 2560K, used 1296K [0x00000000eab00000, 0x00000000eaf00000, 0x0000000100000000)
  eden space 1024K, 0% used [0x00000000eab00000,0x00000000eab00000,0x00000000eac00000)
  from space 1536K, 84% used [0x00000000ead80000,0x00000000eaec4030,0x00000000eaf00000)
  to   space 1536K, 0% used [0x00000000eac00000,0x00000000eac00000,0x00000000ead80000)
 ParOldGen       total 107520K, used 101035K [0x00000000c0000000, 0x00000000c6900000, 0x00000000eab00000)
  object space 107520K, 93% used [0x00000000c0000000,0x00000000c62aad18,0x00000000c6900000)
 Metaspace       used 82973K, committed 84416K, reserved 1179648K
  class space    used 8619K, committed 9280K, reserved 1048576K
}
Event: 538.340 GC heap before
{Heap before GC invocations=1100 (full 27):
 PSYoungGen      total 2560K, used 2320K [0x00000000eab00000, 0x00000000eaf00000, 0x0000000100000000)
  eden space 1024K, 100% used [0x00000000eab00000,0x00000000eac00000,0x00000000eac00000)
  from space 1536K, 84% used [0x00000000ead80000,0x00000000eaec4030,0x00000000eaf00000)
  to   space 1536K, 0% used [0x00000000eac00000,0x00000000eac00000,0x00000000ead80000)
 ParOldGen       total 107520K, used 101035K [0x00000000c0000000, 0x00000000c6900000, 0x00000000eab00000)
  object space 107520K, 93% used [0x00000000c0000000,0x00000000c62aad18,0x00000000c6900000)
 Metaspace       used 82973K, committed 84416K, reserved 1179648K
  class space    used 8619K, committed 9280K, reserved 1048576K
}
Event: 538.342 GC heap after
{Heap after GC invocations=1100 (full 27):
 PSYoungGen      total 2560K, used 800K [0x00000000eab00000, 0x00000000eae80000, 0x0000000100000000)
  eden space 1024K, 0% used [0x00000000eab00000,0x00000000eab00000,0x00000000eac00000)
  from space 1536K, 52% used [0x00000000eac00000,0x00000000eacc8000,0x00000000ead80000)
  to   space 1024K, 0% used [0x00000000ead80000,0x00000000ead80000,0x00000000eae80000)
 ParOldGen       total 107520K, used 101448K [0x00000000c0000000, 0x00000000c6900000, 0x00000000eab00000)
  object space 107520K, 94% used [0x00000000c0000000,0x00000000c63121b8,0x00000000c6900000)
 Metaspace       used 82973K, committed 84416K, reserved 1179648K
  class space    used 8619K, committed 9280K, reserved 1048576K
}
Event: 538.348 GC heap before
{Heap before GC invocations=1101 (full 27):
 PSYoungGen      total 2560K, used 1824K [0x00000000eab00000, 0x00000000eae80000, 0x0000000100000000)
  eden space 1024K, 100% used [0x00000000eab00000,0x00000000eac00000,0x00000000eac00000)
  from space 1536K, 52% used [0x00000000eac00000,0x00000000eacc8000,0x00000000ead80000)
  to   space 1024K, 0% used [0x00000000ead80000,0x00000000ead80000,0x00000000eae80000)
 ParOldGen       total 107520K, used 101448K [0x00000000c0000000, 0x00000000c6900000, 0x00000000eab00000)
  object space 107520K, 94% used [0x00000000c0000000,0x00000000c63121b8,0x00000000c6900000)
 Metaspace       used 82973K, committed 84416K, reserved 1179648K
  class space    used 8619K, committed 9280K, reserved 1048576K
}
Event: 538.350 GC heap after
{Heap after GC invocations=1101 (full 27):
 PSYoungGen      total 2560K, used 768K [0x00000000eab00000, 0x00000000eae80000, 0x0000000100000000)
  eden space 1536K, 0% used [0x00000000eab00000,0x00000000eab00000,0x00000000eac80000)
  from space 1024K, 75% used [0x00000000ead80000,0x00000000eae40000,0x00000000eae80000)
  to   space 1024K, 0% used [0x00000000eac80000,0x00000000eac80000,0x00000000ead80000)
 ParOldGen       total 107520K, used 101456K [0x00000000c0000000, 0x00000000c6900000, 0x00000000eab00000)
  object space 107520K, 94% used [0x00000000c0000000,0x00000000c63141b8,0x00000000c6900000)
 Metaspace       used 82973K, committed 84416K, reserved 1179648K
  class space    used 8619K, committed 9280K, reserved 1048576K
}
Event: 538.630 GC heap before
{Heap before GC invocations=1102 (full 27):
 PSYoungGen      total 2560K, used 2304K [0x00000000eab00000, 0x00000000eae80000, 0x0000000100000000)
  eden space 1536K, 100% used [0x00000000eab00000,0x00000000eac80000,0x00000000eac80000)
  from space 1024K, 75% used [0x00000000ead80000,0x00000000eae40000,0x00000000eae80000)
  to   space 1024K, 0% used [0x00000000eac80000,0x00000000eac80000,0x00000000ead80000)
 ParOldGen       total 107520K, used 101456K [0x00000000c0000000, 0x00000000c6900000, 0x00000000eab00000)
  object space 107520K, 94% used [0x00000000c0000000,0x00000000c63141b8,0x00000000c6900000)
 Metaspace       used 82973K, committed 84416K, reserved 1179648K
  class space    used 8619K, committed 9280K, reserved 1048576K
}
Event: 538.631 GC heap after
{Heap after GC invocations=1102 (full 27):
 PSYoungGen      total 2560K, used 672K [0x00000000eab00000, 0x00000000eaf00000, 0x0000000100000000)
  eden space 1536K, 0% used [0x00000000eab00000,0x00000000eab00000,0x00000000eac80000)
  from space 1024K, 65% used [0x00000000eac80000,0x00000000ead28000,0x00000000ead80000)
  to   space 1024K, 0% used [0x00000000eae00000,0x00000000eae00000,0x00000000eaf00000)
 ParOldGen       total 107520K, used 101456K [0x00000000c0000000, 0x00000000c6900000, 0x00000000eab00000)
  object space 107520K, 94% used [0x00000000c0000000,0x00000000c63141b8,0x00000000c6900000)
 Metaspace       used 82973K, committed 84416K, reserved 1179648K
  class space    used 8619K, committed 9280K, reserved 1048576K
}
Event: 539.211 GC heap before
{Heap before GC invocations=1103 (full 27):
 PSYoungGen      total 2560K, used 2207K [0x00000000eab00000, 0x00000000eaf00000, 0x0000000100000000)
  eden space 1536K, 99% used [0x00000000eab00000,0x00000000eac7fff8,0x00000000eac80000)
  from space 1024K, 65% used [0x00000000eac80000,0x00000000ead28000,0x00000000ead80000)
  to   space 1024K, 0% used [0x00000000eae00000,0x00000000eae00000,0x00000000eaf00000)
 ParOldGen       total 107520K, used 101456K [0x00000000c0000000, 0x00000000c6900000, 0x00000000eab00000)
  object space 107520K, 94% used [0x00000000c0000000,0x00000000c63141b8,0x00000000c6900000)
 Metaspace       used 82975K, committed 84416K, reserved 1179648K
  class space    used 8619K, committed 9280K, reserved 1048576K
}
Event: 539.212 GC heap after
{Heap after GC invocations=1103 (full 27):
 PSYoungGen      total 3072K, used 816K [0x00000000eab00000, 0x00000000eaf00000, 0x0000000100000000)
  eden space 2048K, 0% used [0x00000000eab00000,0x00000000eab00000,0x00000000ead00000)
  from space 1024K, 79% used [0x00000000eae00000,0x00000000eaecc010,0x00000000eaf00000)
  to   space 1024K, 0% used [0x00000000ead00000,0x00000000ead00000,0x00000000eae00000)
 ParOldGen       total 107520K, used 101464K [0x00000000c0000000, 0x00000000c6900000, 0x00000000eab00000)
  object space 107520K, 94% used [0x00000000c0000000,0x00000000c63161b8,0x00000000c6900000)
 Metaspace       used 82975K, committed 84416K, reserved 1179648K
  class space    used 8619K, committed 9280K, reserved 1048576K
}
Event: 539.398 GC heap before
{Heap before GC invocations=1104 (full 27):
 PSYoungGen      total 3072K, used 2864K [0x00000000eab00000, 0x00000000eaf00000, 0x0000000100000000)
  eden space 2048K, 100% used [0x00000000eab00000,0x00000000ead00000,0x00000000ead00000)
  from space 1024K, 79% used [0x00000000eae00000,0x00000000eaecc010,0x00000000eaf00000)
  to   space 1024K, 0% used [0x00000000ead00000,0x00000000ead00000,0x00000000eae00000)
 ParOldGen       total 107520K, used 101464K [0x00000000c0000000, 0x00000000c6900000, 0x00000000eab00000)
  object space 107520K, 94% used [0x00000000c0000000,0x00000000c63161b8,0x00000000c6900000)
 Metaspace       used 82975K, committed 84416K, reserved 1179648K
  class space    used 8619K, committed 9280K, reserved 1048576K
}

