# JRE version: OpenJDK Runtime Environment Temurin-17.0.8.1+1 (17.0.8.1+1) (build 17.0.8.1+1)
# Java VM: OpenJDK 64-Bit Server VM Temurin-17.0.8.1+1 (17.0.8.1+1, mixed mode, tiered, compressed oops, compressed class ptrs, parallel gc, windows-amd64)
GC Precious Log:
 CPUs: 4 total, 4 available
 Memory: 8094M
 Large Page Support: Disabled
 NUMA Support: Disabled
 Compressed Oops: Enabled (32-bit)
 Alignments: Space 512K, Generation 512K, Heap 2M
 Heap Min Capacity: 100M
 Heap Initial Capacity: 100M
 Heap Max Capacity: 1G
 Pre-touch: Disabled
 Parallel Workers: 4
Heap:
 PSYoungGen      total 13824K, used 6767K [0x00000000eab00000, 0x00000000ebf80000, 0x0000000100000000)
  eden space 6144K, 0% used [0x00000000eab00000,0x00000000eab00000,0x00000000eb100000)
  from space 7680K, 88% used [0x00000000eb800000,0x00000000ebe9bf88,0x00000000ebf80000)
  to   space 7168K, 0% used [0x00000000eb100000,0x00000000eb100000,0x00000000eb800000)
 ParOldGen       total 282112K, used 281584K [0x00000000c0000000, 0x00000000d1380000, 0x00000000eab00000)
  object space 282112K, 99% used [0x00000000c0000000,0x00000000d12fc350,0x00000000d1380000)
 Metaspace       used 67806K, committed 69056K, reserved 1114112K
  class space    used 7256K, committed 7808K, reserved 1048576K
GC Heap History (20 events):
Event: 65.481 GC heap after
{Heap after GC invocations=326 (full 12):
 PSYoungGen      total 12288K, used 8630K [0x00000000eab00000, 0x00000000ec200000, 0x0000000100000000)
  eden space 3584K, 0% used [0x00000000eab00000,0x00000000eab00000,0x00000000eae80000)
  from space 8704K, 99% used [0x00000000eae80000,0x00000000eb6edb80,0x00000000eb700000)
  to   space 9728K, 0% used [0x00000000eb880000,0x00000000eb880000,0x00000000ec200000)
 ParOldGen       total 282112K, used 269031K [0x00000000c0000000, 0x00000000d1380000, 0x00000000eab00000)
  object space 282112K, 95% used [0x00000000c0000000,0x00000000d06b9c78,0x00000000d1380000)
 Metaspace       used 67804K, committed 69056K, reserved 1114112K
  class space    used 7256K, committed 7808K, reserved 1048576K
}
Event: 65.526 GC heap before
{Heap before GC invocations=327 (full 12):
 PSYoungGen      total 12288K, used 12191K [0x00000000eab00000, 0x00000000ec200000, 0x0000000100000000)
  eden space 3584K, 99% used [0x00000000eab00000,0x00000000eae7a418,0x00000000eae80000)
  from space 8704K, 99% used [0x00000000eae80000,0x00000000eb6edb80,0x00000000eb700000)
  to   space 9728K, 0% used [0x00000000eb880000,0x00000000eb880000,0x00000000ec200000)
 ParOldGen       total 282112K, used 269031K [0x00000000c0000000, 0x00000000d1380000, 0x00000000eab00000)
  object space 282112K, 95% used [0x00000000c0000000,0x00000000d06b9c78,0x00000000d1380000)
 Metaspace       used 67804K, committed 69056K, reserved 1114112K
  class space    used 7256K, committed 7808K, reserved 1048576K
}
Event: 65.532 GC heap after
{Heap after GC invocations=327 (full 12):
 PSYoungGen      total 13824K, used 9300K [0x00000000eab00000, 0x00000000ec200000, 0x0000000100000000)
  eden space 4096K, 0% used [0x00000000eab00000,0x00000000eab00000,0x00000000eaf00000)
  from space 9728K, 95% used [0x00000000eb880000,0x00000000ec1953c0,0x00000000ec200000)
  to   space 9728K, 0% used [0x00000000eaf00000,0x00000000eaf00000,0x00000000eb880000)
 ParOldGen       total 282112K, used 269031K [0x00000000c0000000, 0x00000000d1380000, 0x00000000eab00000)
  object space 282112K, 95% used [0x00000000c0000000,0x00000000d06b9c78,0x00000000d1380000)
 Metaspace       used 67804K, committed 69056K, reserved 1114112K
  class space    used 7256K, committed 7808K, reserved 1048576K
}
Event: 65.584 GC heap before
{Heap before GC invocations=328 (full 12):
 PSYoungGen      total 13824K, used 13396K [0x00000000eab00000, 0x00000000ec200000, 0x0000000100000000)
  eden space 4096K, 100% used [0x00000000eab00000,0x00000000eaf00000,0x00000000eaf00000)
  from space 9728K, 95% used [0x00000000eb880000,0x00000000ec1953c0,0x00000000ec200000)
  to   space 9728K, 0% used [0x00000000eaf00000,0x00000000eaf00000,0x00000000eb880000)
 ParOldGen       total 282112K, used 269031K [0x00000000c0000000, 0x00000000d1380000, 0x00000000eab00000)
  object space 282112K, 95% used [0x00000000c0000000,0x00000000d06b9c78,0x00000000d1380000)
 Metaspace       used 67804K, committed 69056K, reserved 1114112K
  class space    used 7256K, committed 7808K, reserved 1048576K
}
Event: 65.592 GC heap after
{Heap after GC invocations=328 (full 12):
 PSYoungGen      total 13824K, used 9715K [0x00000000eab00000, 0x00000000ec480000, 0x0000000100000000)
  eden space 4096K, 0% used [0x00000000eab00000,0x00000000eab00000,0x00000000eaf00000)
  from space 9728K, 99% used [0x00000000eaf00000,0x00000000eb87cfc0,0x00000000eb880000)
  to   space 10752K, 0% used [0x00000000eba00000,0x00000000eba00000,0x00000000ec480000)
 ParOldGen       total 282112K, used 269463K [0x00000000c0000000, 0x00000000d1380000, 0x00000000eab00000)
  object space 282112K, 95% used [0x00000000c0000000,0x00000000d0725fe8,0x00000000d1380000)
 Metaspace       used 67804K, committed 69056K, reserved 1114112K
  class space    used 7256K, committed 7808K, reserved 1048576K
}
Event: 65.669 GC heap before
{Heap before GC invocations=329 (full 12):
 PSYoungGen      total 13824K, used 13811K [0x00000000eab00000, 0x00000000ec480000, 0x0000000100000000)
  eden space 4096K, 100% used [0x00000000eab00000,0x00000000eaf00000,0x00000000eaf00000)
  from space 9728K, 99% used [0x00000000eaf00000,0x00000000eb87cfc0,0x00000000eb880000)
  to   space 10752K, 0% used [0x00000000eba00000,0x00000000eba00000,0x00000000ec480000)
 ParOldGen       total 282112K, used 269463K [0x00000000c0000000, 0x00000000d1380000, 0x00000000eab00000)
  object space 282112K, 95% used [0x00000000c0000000,0x00000000d0725fe8,0x00000000d1380000)
 Metaspace       used 67806K, committed 69056K, reserved 1114112K
  class space    used 7256K, committed 7808K, reserved 1048576K
}
Event: 65.679 GC heap after
{Heap after GC invocations=329 (full 12):
 PSYoungGen      total 13824K, used 8832K [0x00000000eab00000, 0x00000000ec300000, 0x0000000100000000)
  eden space 4608K, 0% used [0x00000000eab00000,0x00000000eab00000,0x00000000eaf80000)
  from space 9216K, 95% used [0x00000000eba00000,0x00000000ec2a03f0,0x00000000ec300000)
  to   space 9728K, 0% used [0x00000000eb000000,0x00000000eb000000,0x00000000eb980000)
 ParOldGen       total 282112K, used 271514K [0x00000000c0000000, 0x00000000d1380000, 0x00000000eab00000)
  object space 282112K, 96% used [0x00000000c0000000,0x00000000d0926b38,0x00000000d1380000)
 Metaspace       used 67806K, committed 69056K, reserved 1114112K
  class space    used 7256K, committed 7808K, reserved 1048576K
}
Event: 65.754 GC heap before
{Heap before GC invocations=330 (full 12):
 PSYoungGen      total 13824K, used 13440K [0x00000000eab00000, 0x00000000ec300000, 0x0000000100000000)
  eden space 4608K, 100% used [0x00000000eab00000,0x00000000eaf80000,0x00000000eaf80000)
  from space 9216K, 95% used [0x00000000eba00000,0x00000000ec2a03f0,0x00000000ec300000)
  to   space 9728K, 0% used [0x00000000eb000000,0x00000000eb000000,0x00000000eb980000)
 ParOldGen       total 282112K, used 271514K [0x00000000c0000000, 0x00000000d1380000, 0x00000000eab00000)
  object space 282112K, 96% used [0x00000000c0000000,0x00000000d0926b38,0x00000000d1380000)
 Metaspace       used 67806K, committed 69056K, reserved 1114112K
  class space    used 7256K, committed 7808K, reserved 1048576K
}
Event: 65.763 GC heap after
{Heap after GC invocations=330 (full 12):
 PSYoungGen      total 14848K, used 9297K [0x00000000eab00000, 0x00000000ec300000, 0x0000000100000000)
  eden space 5120K, 0% used [0x00000000eab00000,0x00000000eab00000,0x00000000eb000000)
  from space 9728K, 95% used [0x00000000eb000000,0x00000000eb914768,0x00000000eb980000)
  to   space 9728K, 0% used [0x00000000eb980000,0x00000000eb980000,0x00000000ec300000)
 ParOldGen       total 282112K, used 272325K [0x00000000c0000000, 0x00000000d1380000, 0x00000000eab00000)
  object space 282112K, 96% used [0x00000000c0000000,0x00000000d09f17a0,0x00000000d1380000)
 Metaspace       used 67806K, committed 69056K, reserved 1114112K
  class space    used 7256K, committed 7808K, reserved 1048576K
}
Event: 65.815 GC heap before
{Heap before GC invocations=331 (full 12):
 PSYoungGen      total 14848K, used 14417K [0x00000000eab00000, 0x00000000ec300000, 0x0000000100000000)
  eden space 5120K, 100% used [0x00000000eab00000,0x00000000eb000000,0x00000000eb000000)
  from space 9728K, 95% used [0x00000000eb000000,0x00000000eb914768,0x00000000eb980000)
  to   space 9728K, 0% used [0x00000000eb980000,0x00000000eb980000,0x00000000ec300000)
 ParOldGen       total 282112K, used 272325K [0x00000000c0000000, 0x00000000d1380000, 0x00000000eab00000)
  object space 282112K, 96% used [0x00000000c0000000,0x00000000d09f17a0,0x00000000d1380000)
 Metaspace       used 67806K, committed 69056K, reserved 1114112K
  class space    used 7256K, committed 7808K, reserved 1048576K
}
Event: 65.824 GC heap after
{Heap after GC invocations=331 (full 12):
 PSYoungGen      total 13312K, used 9701K [0x00000000eab00000, 0x00000000ec700000, 0x0000000100000000)
  eden space 3584K, 0% used [0x00000000eab00000,0x00000000eab00000,0x00000000eae80000)
  from space 9728K, 99% used [0x00000000eb980000,0x00000000ec2f9490,0x00000000ec300000)
  to   space 11264K, 0% used [0x00000000eae80000,0x00000000eae80000,0x00000000eb980000)
 ParOldGen       total 282112K, used 273541K [0x00000000c0000000, 0x00000000d1380000, 0x00000000eab00000)
  object space 282112K, 96% used [0x00000000c0000000,0x00000000d0b214b0,0x00000000d1380000)
 Metaspace       used 67806K, committed 69056K, reserved 1114112K
  class space    used 7256K, committed 7808K, reserved 1048576K
}
Event: 65.864 GC heap before
{Heap before GC invocations=332 (full 12):
 PSYoungGen      total 13312K, used 13285K [0x00000000eab00000, 0x00000000ec700000, 0x0000000100000000)
  eden space 3584K, 100% used [0x00000000eab00000,0x00000000eae80000,0x00000000eae80000)
  from space 9728K, 99% used [0x00000000eb980000,0x00000000ec2f9490,0x00000000ec300000)
  to   space 11264K, 0% used [0x00000000eae80000,0x00000000eae80000,0x00000000eb980000)
 ParOldGen       total 282112K, used 273541K [0x00000000c0000000, 0x00000000d1380000, 0x00000000eab00000)
  object space 282112K, 96% used [0x00000000c0000000,0x00000000d0b214b0,0x00000000d1380000)
 Metaspace       used 67806K, committed 69056K, reserved 1114112K
  class space    used 7256K, committed 7808K, reserved 1048576K
}
Event: 65.875 GC heap after
{Heap after GC invocations=332 (full 12):
 PSYoungGen      total 12288K, used 8588K [0x00000000eab00000, 0x00000000ec280000, 0x0000000100000000)
  eden space 3584K, 0% used [0x00000000eab00000,0x00000000eab00000,0x00000000eae80000)
  from space 8704K, 98% used [0x00000000eae80000,0x00000000eb6e33f8,0x00000000eb700000)
  to   space 9728K, 0% used [0x00000000eb900000,0x00000000eb900000,0x00000000ec280000)
 ParOldGen       total 282112K, used 275765K [0x00000000c0000000, 0x00000000d1380000, 0x00000000eab00000)
  object space 282112K, 97% used [0x00000000c0000000,0x00000000d0d4d498,0x00000000d1380000)
 Metaspace       used 67806K, committed 69056K, reserved 1114112K
  class space    used 7256K, committed 7808K, reserved 1048576K
}
Event: 65.932 GC heap before
{Heap before GC invocations=333 (full 12):
 PSYoungGen      total 12288K, used 12172K [0x00000000eab00000, 0x00000000ec280000, 0x0000000100000000)
  eden space 3584K, 100% used [0x00000000eab00000,0x00000000eae80000,0x00000000eae80000)
  from space 8704K, 98% used [0x00000000eae80000,0x00000000eb6e33f8,0x00000000eb700000)
  to   space 9728K, 0% used [0x00000000eb900000,0x00000000eb900000,0x00000000ec280000)
 ParOldGen       total 282112K, used 275765K [0x00000000c0000000, 0x00000000d1380000, 0x00000000eab00000)
  object space 282112K, 97% used [0x00000000c0000000,0x00000000d0d4d498,0x00000000d1380000)
 Metaspace       used 67806K, committed 69056K, reserved 1114112K
  class space    used 7256K, committed 7808K, reserved 1048576K
}
Event: 65.941 GC heap after
{Heap after GC invocations=333 (full 12):
 PSYoungGen      total 12288K, used 7490K [0x00000000eab00000, 0x00000000ec080000, 0x0000000100000000)
  eden space 4608K, 0% used [0x00000000eab00000,0x00000000eab00000,0x00000000eaf80000)
  from space 7680K, 97% used [0x00000000eb900000,0x00000000ec050b90,0x00000000ec080000)
  to   space 8192K, 0% used [0x00000000eb080000,0x00000000eb080000,0x00000000eb880000)
 ParOldGen       total 282112K, used 277820K [0x00000000c0000000, 0x00000000d1380000, 0x00000000eab00000)
  object space 282112K, 98% used [0x00000000c0000000,0x00000000d0f4f020,0x00000000d1380000)
 Metaspace       used 67806K, committed 69056K, reserved 1114112K
  class space    used 7256K, committed 7808K, reserved 1048576K
}
Event: 65.992 GC heap before
{Heap before GC invocations=334 (full 12):
 PSYoungGen      total 12288K, used 12098K [0x00000000eab00000, 0x00000000ec080000, 0x0000000100000000)
  eden space 4608K, 99% used [0x00000000eab00000,0x00000000eaf7ffc8,0x00000000eaf80000)
  from space 7680K, 97% used [0x00000000eb900000,0x00000000ec050b90,0x00000000ec080000)
  to   space 8192K, 0% used [0x00000000eb080000,0x00000000eb080000,0x00000000eb880000)
 ParOldGen       total 282112K, used 277820K [0x00000000c0000000, 0x00000000d1380000, 0x00000000eab00000)
  object space 282112K, 98% used [0x00000000c0000000,0x00000000d0f4f020,0x00000000d1380000)
 Metaspace       used 67806K, committed 69056K, reserved 1114112K
  class space    used 7256K, committed 7808K, reserved 1048576K
}
Event: 66.000 GC heap after
{Heap after GC invocations=334 (full 12):
 PSYoungGen      total 13312K, used 7344K [0x00000000eab00000, 0x00000000ebf80000, 0x0000000100000000)
  eden space 5632K, 0% used [0x00000000eab00000,0x00000000eab00000,0x00000000eb080000)
  from space 7680K, 95% used [0x00000000eb080000,0x00000000eb7ac100,0x00000000eb800000)
  to   space 7680K, 0% used [0x00000000eb800000,0x00000000eb800000,0x00000000ebf80000)
 ParOldGen       total 282112K, used 279289K [0x00000000c0000000, 0x00000000d1380000, 0x00000000eab00000)
  object space 282112K, 98% used [0x00000000c0000000,0x00000000d10be5c0,0x00000000d1380000)
 Metaspace       used 67806K, committed 69056K, reserved 1114112K
  class space    used 7256K, committed 7808K, reserved 1048576K
}
Event: 66.049 GC heap before
{Heap before GC invocations=335 (full 12):
 PSYoungGen      total 13312K, used 12976K [0x00000000eab00000, 0x00000000ebf80000, 0x0000000100000000)
  eden space 5632K, 100% used [0x00000000eab00000,0x00000000eb080000,0x00000000eb080000)
  from space 7680K, 95% used [0x00000000eb080000,0x00000000eb7ac100,0x00000000eb800000)
  to   space 7680K, 0% used [0x00000000eb800000,0x00000000eb800000,0x00000000ebf80000)
 ParOldGen       total 282112K, used 279289K [0x00000000c0000000, 0x00000000d1380000, 0x00000000eab00000)
  object space 282112K, 98% used [0x00000000c0000000,0x00000000d10be5c0,0x00000000d1380000)
 Metaspace       used 67806K, committed 69056K, reserved 1114112K
  class space    used 7256K, committed 7808K, reserved 1048576K
}
Event: 66.058 GC heap after
{Heap after GC invocations=335 (full 12):
 PSYoungGen      total 13824K, used 6767K [0x00000000eab00000, 0x00000000ebf80000, 0x0000000100000000)
  eden space 6144K, 0% used [0x00000000eab00000,0x00000000eab00000,0x00000000eb100000)
  from space 7680K, 88% used [0x00000000eb800000,0x00000000ebe9bf88,0x00000000ebf80000)
  to   space 7168K, 0% used [0x00000000eb100000,0x00000000eb100000,0x00000000eb800000)
 ParOldGen       total 282112K, used 281584K [0x00000000c0000000, 0x00000000d1380000, 0x00000000eab00000)
  object space 282112K, 99% used [0x00000000c0000000,0x00000000d12fc350,0x00000000d1380000)
 Metaspace       used 67806K, committed 69056K, reserved 1114112K
  class space    used 7256K, committed 7808K, reserved 1048576K
}
Event: 66.058 GC heap before
{Heap before GC invocations=336 (full 13):
 PSYoungGen      total 13824K, used 6767K [0x00000000eab00000, 0x00000000ebf80000, 0x0000000100000000)
  eden space 6144K, 0% used [0x00000000eab00000,0x00000000eab00000,0x00000000eb100000)
  from space 7680K, 88% used [0x00000000eb800000,0x00000000ebe9bf88,0x00000000ebf80000)
  to   space 7168K, 0% used [0x00000000eb100000,0x00000000eb100000,0x00000000eb800000)
 ParOldGen       total 282112K, used 281584K [0x00000000c0000000, 0x00000000d1380000, 0x00000000eab00000)
  object space 282112K, 99% used [0x00000000c0000000,0x00000000d12fc350,0x00000000d1380000)
 Metaspace       used 67806K, committed 69056K, reserved 1114112K
  class space    used 7256K, committed 7808K, reserved 1048576K
}

